10-Nov-19 11:51:52 PM	This log contains information about the import schema operation into project 'MVCDemoDB' on computer 'DESKTOP-LTAO5D9' by user 'manch'.
10-Nov-19 11:51:52 PM	Import of database schema has started.
10-Nov-19 11:52:07 PM	Gathering database options
10-Nov-19 11:52:07 PM	Gathering users
10-Nov-19 11:52:07 PM	Gathering roles
10-Nov-19 11:52:07 PM	Gathering application roles
10-Nov-19 11:52:07 PM	Gathering role memberships
10-Nov-19 11:52:07 PM	Gathering filegroups
10-Nov-19 11:52:07 PM	Gathering full-text catalogs
10-Nov-19 11:52:07 PM	Gathering assemblies
10-Nov-19 11:52:07 PM	Gathering certificates
10-Nov-19 11:52:07 PM	Gathering asymmetric keys
10-Nov-19 11:52:07 PM	Gathering symmetric keys
10-Nov-19 11:52:07 PM	Gathering encrypted symmetric keys
10-Nov-19 11:52:07 PM	Gathering schemas
10-Nov-19 11:52:07 PM	Gathering XML schema collections
10-Nov-19 11:52:07 PM	Gathering user-defined data types
10-Nov-19 11:52:07 PM	Gathering user-defined types
10-Nov-19 11:52:07 PM	Gathering table types
10-Nov-19 11:52:07 PM	Gathering unique keys for table types
10-Nov-19 11:52:07 PM	Gathering primary keys for table types
10-Nov-19 11:52:07 PM	Gathering indexes for table types
10-Nov-19 11:52:07 PM	Gathering check constraints for table types
10-Nov-19 11:52:07 PM	Gathering default constraints for table types
10-Nov-19 11:52:07 PM	Gathering partition functions
10-Nov-19 11:52:07 PM	Gathering partition schemes
10-Nov-19 11:52:07 PM	Gathering functions
10-Nov-19 11:52:07 PM	Gathering encrypted functions
10-Nov-19 11:52:07 PM	Gathering aggregates
10-Nov-19 11:52:07 PM	Gathering procedures
10-Nov-19 11:52:07 PM	Gathering encrypted procedures
10-Nov-19 11:52:07 PM	Gathering tables
10-Nov-19 11:52:07 PM	Gathering primary keys
10-Nov-19 11:52:07 PM	Gathering unique constraints
10-Nov-19 11:52:07 PM	Gathering foreign keys
10-Nov-19 11:52:07 PM	Gathering default constraints
10-Nov-19 11:52:07 PM	Gathering check constraints
10-Nov-19 11:52:07 PM	Gathering views
10-Nov-19 11:52:07 PM	Gathering encrypted views
10-Nov-19 11:52:07 PM	Gathering indexes
10-Nov-19 11:52:07 PM	Gathering statistics
10-Nov-19 11:52:07 PM	Gathering full-text index stoplists
10-Nov-19 11:52:07 PM	Gathering search property lists
10-Nov-19 11:52:07 PM	Gathering search properties
10-Nov-19 11:52:07 PM	Gathering full-text indexes
10-Nov-19 11:52:07 PM	Gathering column store indexes
10-Nov-19 11:52:07 PM	Gathering spatial indexes
10-Nov-19 11:52:07 PM	Gathering XML indexes
10-Nov-19 11:52:07 PM	Gathering Selective XML indexes
10-Nov-19 11:52:07 PM	Gathering encrypted triggers
10-Nov-19 11:52:07 PM	Gathering triggers
10-Nov-19 11:52:07 PM	Gathering encrypted and clr ddl triggers
10-Nov-19 11:52:07 PM	Gathering ddl triggers
10-Nov-19 11:52:07 PM	Gathering synonyms
10-Nov-19 11:52:07 PM	Gathering defaults
10-Nov-19 11:52:07 PM	Gathering data constraint uddt bindings
10-Nov-19 11:52:07 PM	Gathering rules
10-Nov-19 11:52:07 PM	Gathering data constraint uddt bindings
10-Nov-19 11:52:07 PM	Gathering message types
10-Nov-19 11:52:07 PM	Gathering queues
10-Nov-19 11:52:07 PM	Gathering contracts
10-Nov-19 11:52:07 PM	Gathering services
10-Nov-19 11:52:07 PM	Gathering event notifications
10-Nov-19 11:52:07 PM	Gathering remote service bindings
10-Nov-19 11:52:07 PM	Gathering broker priorities
10-Nov-19 11:52:07 PM	Gathering signatures
10-Nov-19 11:52:07 PM	Gathering data compression options
10-Nov-19 11:52:07 PM	Gathering sequence types
10-Nov-19 11:52:07 PM	Gathering extended properties
10-Nov-19 11:52:10 PM	Gathering credentials
10-Nov-19 11:52:10 PM	Gathering logins
10-Nov-19 11:52:10 PM	Gathering server audits
10-Nov-19 11:52:11 PM	Scanning project for duplicate elements
10-Nov-19 11:52:12 PM	Finished duplicate element processing
10-Nov-19 11:52:12 PM	Finished importing database.
10-Nov-19 11:52:12 PM	A summary of the import was saved to the following location: C:\Users\manch\source\repos\Auktionigen\MVCDemoDB\Import Schema Logs\MVCDemoDB_20191110105152.log
10-Nov-19 11:52:12 PM	Click Finish to continue...
